<?xml version="1.0" encoding="UTF-8"?>
<!-- Generated by org.testng.reporters.JUnitReportReporter -->
<testsuite skipped="0" hostname="DESKTOP-RECL507" name="StartBrowser" tests="1" failures="0" timestamp="2023-04-10T19:38:22 IST" time="1.100" errors="0">
  <testcase name="RunURL" time="1.100" classname="StartBrowser"/>
  <system-out/>
</testsuite> <!-- StartBrowser -->
